Configuration: {
  "data_path": "dataset/Amazon-Beauty/processed/beauty-tiger-sentenceT5base/Beauty",
  "output_dir": "tmp/prism_context_smoke_v2",
  "max_items": 256,
  "n_layers": 2,
  "n_embed": 16,
  "n_embed_per_layer": [
    16,
    16
  ],
  "latent_dim": 16,
  "content_dim": 768,
  "collab_dim": 64,
  "use_ide": true,
  "ide_dim": 32,
  "use_cma": false,
  "use_reliability_gate": false,
  "use_context_fusion": true,
  "lambda_cma": 0.1,
  "cma_temperature": 0.07,
  "cma_warmup_epochs": 20,
  "cma_ramp_epochs": 20,
  "lambda_pref": 0.01,
  "pref_warmup_epochs": 0,
  "pref_ramp_epochs": 0,
  "lambda_pop": 0.01,
  "density_k": 20,
  "context_window": 20,
  "context_fallback_k": 10,
  "use_pcgrad": true,
  "epochs": 1,
  "batch_size": 64,
  "learning_rate": 0.0001,
  "weight_decay": 0.0001,
  "grad_clip": 1.0,
  "grad_log_interval": 50,
  "beta": 0.25,
  "use_ema": true,
  "ema_decay": 0.99,
  "quantize_mode": "rotation",
  "use_scheduler": false,
  "scheduler_type": "warmup_cosine",
  "warmup_ratio": 0.1,
  "early_stop_patience": 5,
  "early_stop_min_delta": 1e-05,
  "early_stop_cooldown": 3,
  "early_stop_warmup_epochs": 5,
  "early_stop_min_epochs": 1,
  "early_stop_metric": "total_loss",
  "sid_eval_interval": 1,
  "perplexity_collapse_patience": 3,
  "perplexity_collapse_ratio": 0.35,
  "no_hierarchical_kmeans_init": false,
  "kmeans_init_samples": 8192,
  "kmeans_batch_size": 1024,
  "kmeans_random_state": 42,
  "codebook_reset_interval": 200,
  "save_every": 1,
  "device": "cpu",
  "num_workers": 0,
  "log_level": "INFO",
  "resume": null,
  "skip_sinkhorn": true,
  "no_tqdm": true,
  "use_tqdm": false
}
Loading dataset...
Dataset: 256 items, 4 batches
Params: 516,692  IDE=ON
  Codebook L1: 16
  Codebook L2: 16
K-means init with 256 samples...
  L1: k-means done (inertia=164.7823)
  L2: k-means done (inertia=106.3465)
Loss: UPR + 0.25*commit + 0.01*CTX + 0.01*POP
============================================================
STARTING TRAINING
============================================================

Epoch 1 Summary:
  Train: Total=1.0722 UPR=1.0452 Commit=0.1045 Ctx=0.0909 Pop=0.0016 Gate=[0.485,0.515] Mix=[0.312,0.332,0.355] CtxMask=0.336
    L1: 13/256 codes, entropy=0.968
    L2: 14/256 codes, entropy=0.984
    codebook: 0.0000
    decoder: 0.7591
    encoder: 0.1313
    ide: 0.0772
  Val: Total=0.9745 UPR=0.9186 Ctx=0.1189 Pop=0.0011 Gate=[0.497,0.503] Mix=[0.322,0.327,0.351] CtxMask=0.200  qMSE L1=0.0649 L2=0.0445
  New best objective: 0.9745
  [SID-FULL] unique=17.19%  collisions=24  L1_pref=4.30%  L2_pref=17.19%  kNN-L12=0.776  useL1=68.8%  useL2=56.2%
Training done. Best objective=0.9745
Saved 256 item mappings

Semantic IDs: 256 items, 44 unique (17.19%)
  Collisions: 24 groups, 236 items
  Layer 1: 11 unique prefixes (4.30%)
  Layer 2: 44 unique prefixes (17.19%)
  Codebook 1: 11/16 used (68.8%)
  Codebook 2: 9/16 used (56.2%)
  kNN SID consistency (z_q): L1=0.915 L12=0.776
  kNN SID consistency (z):   L1=0.446 L12=0.256
  Sequence SID consistency (train): L1=0.282 L2=0.191 depth=0.47
  Sequence SID consistency (valid): L1=0.168 L2=0.059 depth=0.23
Features exported: 256 items, h_t=32D, h_c=32D
