Configuration: {
  "data_path": "dataset/Amazon-Beauty/processed/beauty-tiger-sentenceT5base/Beauty",
  "output_dir": "tmp/prism_rar_smoke_v2",
  "max_items": 256,
  "n_layers": 2,
  "n_embed": 256,
  "n_embed_per_layer": [
    16,
    16
  ],
  "latent_dim": 8,
  "content_dim": 768,
  "collab_dim": 64,
  "use_ide": true,
  "ide_dim": 32,
  "use_cma": false,
  "use_reliability_gate": true,
  "lambda_cma": 0.1,
  "cma_temperature": 0.07,
  "cma_warmup_epochs": 20,
  "cma_ramp_epochs": 20,
  "lambda_pref": 0.05,
  "pref_temperature": 0.2,
  "pref_warmup_epochs": 0,
  "pref_ramp_epochs": 0,
  "lambda_pop": 0.02,
  "density_k": 20,
  "pref_window": 20,
  "epochs": 1,
  "batch_size": 64,
  "learning_rate": 0.0001,
  "weight_decay": 0.0,
  "grad_clip": 1.0,
  "grad_log_interval": 50,
  "beta": 0.25,
  "use_ema": true,
  "ema_decay": 0.99,
  "quantize_mode": "rotation",
  "use_scheduler": false,
  "scheduler_type": "warmup_cosine",
  "warmup_ratio": 0.1,
  "early_stop_patience": 2,
  "early_stop_min_delta": 1e-05,
  "early_stop_cooldown": 3,
  "early_stop_warmup_epochs": 5,
  "early_stop_min_epochs": 1,
  "sid_eval_interval": 1,
  "checkpoint_loss_tolerance": 0.03,
  "perplexity_collapse_patience": 3,
  "perplexity_collapse_ratio": 0.35,
  "no_hierarchical_kmeans_init": false,
  "kmeans_init_samples": 8192,
  "kmeans_batch_size": 1024,
  "kmeans_random_state": 42,
  "codebook_reset_interval": 200,
  "save_every": 1,
  "device": "cpu",
  "num_workers": 0,
  "log_level": "INFO",
  "resume": null,
  "skip_sinkhorn": true,
  "no_tqdm": true,
  "use_tqdm": false
}
Loading dataset...
Dataset: 256 items, 4 batches
Params: 470,474  IDE=ON
  Codebook L1: 16
  Codebook L2: 16
K-means init with 256 samples...
  L1: k-means done (inertia=68.7433)
  L2: k-means done (inertia=34.0067)
Loss: UPR + 0.25*commit + 0.1*CMA + 0.05*PREF + 0.02*POP
============================================================
STARTING TRAINING
============================================================
Configuration: {
  "data_path": "dataset/Amazon-Beauty/processed/beauty-tiger-sentenceT5base/Beauty",
  "output_dir": "tmp/prism_rar_smoke_v2",
  "max_items": 256,
  "n_layers": 2,
  "n_embed": 256,
  "n_embed_per_layer": [
    16,
    16
  ],
  "latent_dim": 8,
  "content_dim": 768,
  "collab_dim": 64,
  "use_ide": true,
  "ide_dim": 32,
  "use_cma": false,
  "use_reliability_gate": true,
  "lambda_cma": 0.1,
  "cma_temperature": 0.07,
  "cma_warmup_epochs": 20,
  "cma_ramp_epochs": 20,
  "lambda_pref": 0.05,
  "pref_temperature": 0.2,
  "pref_warmup_epochs": 0,
  "pref_ramp_epochs": 0,
  "lambda_pop": 0.02,
  "density_k": 20,
  "pref_window": 20,
  "epochs": 1,
  "batch_size": 64,
  "learning_rate": 0.0001,
  "weight_decay": 0.0,
  "grad_clip": 1.0,
  "grad_log_interval": 50,
  "beta": 0.25,
  "use_ema": true,
  "ema_decay": 0.99,
  "quantize_mode": "rotation",
  "use_scheduler": false,
  "scheduler_type": "warmup_cosine",
  "warmup_ratio": 0.1,
  "early_stop_patience": 2,
  "early_stop_min_delta": 1e-05,
  "early_stop_cooldown": 3,
  "early_stop_warmup_epochs": 5,
  "early_stop_min_epochs": 1,
  "sid_eval_interval": 1,
  "checkpoint_loss_tolerance": 0.03,
  "perplexity_collapse_patience": 3,
  "perplexity_collapse_ratio": 0.35,
  "no_hierarchical_kmeans_init": false,
  "kmeans_init_samples": 8192,
  "kmeans_batch_size": 1024,
  "kmeans_random_state": 42,
  "codebook_reset_interval": 200,
  "save_every": 1,
  "device": "cpu",
  "num_workers": 0,
  "log_level": "INFO",
  "resume": null,
  "skip_sinkhorn": true,
  "no_tqdm": true,
  "use_tqdm": false
}
Loading dataset...
Dataset: 256 items, 4 batches
Params: 470,474  IDE=ON
  Codebook L1: 16
  Codebook L2: 16
K-means init with 256 samples...
  L1: k-means done (inertia=71.7750)
  L2: k-means done (inertia=35.9208)
Loss: UPR + 0.25*commit + 0.1*CMA + 0.05*PREF + 0.02*POP
============================================================
STARTING TRAINING
============================================================

Epoch 1 Summary:
  Train: Total=0.4623 UPR=0.4234 Commit=0.0795
    L1: 15/256 codes, entropy=0.997
    L2: 16/256 codes, entropy=0.999
    codebook: 0.0000
    decoder: 0.4803
    encoder: 0.2098
    ide: 0.1046
  Val: Total=0.3499 UPR=0.3151  qMSE L1=0.0439 L2=0.0242
  New best recon: 0.3151
  [SID-FULL] unique=21.09%  collisions=34  L1_pref=5.47%  L2_pref=21.09%  kNN-L12=0.695  useL1=87.5%  useL2=87.5%
  New best checkpoint: epoch=1 unique=21.09% L2_pref=21.09%
Training done. Best recon=0.3151 best_checkpoint_epoch=1
Saved 256 item mappings

Semantic IDs: 256 items, 54 unique (21.09%)
  Collisions: 34 groups, 236 items
  Layer 1: 14 unique prefixes (5.47%)
  Layer 2: 54 unique prefixes (21.09%)
  Codebook 1: 14/16 used (87.5%)
  Codebook 2: 14/16 used (87.5%)
  kNN SID consistency (z_q): L1=0.846 L12=0.695
  kNN SID consistency (z):   L1=0.650 L12=0.226
  Sequence SID consistency (train): L1=0.473 L2=0.100 depth=0.57
  Sequence SID consistency (valid): L1=0.496 L2=0.092 depth=0.59
Features exported: 256 items, h_t=32D, h_c=32D
