Configuration: {
  "data_path": "dataset/Amazon-Beauty/processed/beauty-tiger-sentenceT5base/Beauty",
  "output_dir": "tmp/prism_rar_smoke_v4",
  "max_items": 256,
  "n_layers": 2,
  "n_embed": 256,
  "n_embed_per_layer": [
    16,
    16
  ],
  "latent_dim": 8,
  "content_dim": 768,
  "collab_dim": 64,
  "use_ide": true,
  "ide_dim": 32,
  "use_cma": false,
  "use_reliability_gate": true,
  "lambda_cma": 0.1,
  "cma_temperature": 0.07,
  "cma_warmup_epochs": 20,
  "cma_ramp_epochs": 20,
  "lambda_pref": 0.02,
  "pref_temperature": 0.2,
  "pref_warmup_epochs": 0,
  "pref_ramp_epochs": 0,
  "lambda_pop": 0.02,
  "density_k": 20,
  "pref_window": 20,
  "use_pair_sampler": true,
  "use_pcgrad": true,
  "epochs": 1,
  "batch_size": 64,
  "learning_rate": 0.0001,
  "weight_decay": 0.0,
  "grad_clip": 1.0,
  "grad_log_interval": 50,
  "beta": 0.25,
  "use_ema": true,
  "ema_decay": 0.99,
  "quantize_mode": "rotation",
  "use_scheduler": false,
  "scheduler_type": "warmup_cosine",
  "warmup_ratio": 0.1,
  "early_stop_patience": 2,
  "early_stop_min_delta": 1e-05,
  "early_stop_cooldown": 3,
  "early_stop_warmup_epochs": 5,
  "early_stop_min_epochs": 1,
  "sid_eval_interval": 1,
  "checkpoint_loss_tolerance": 0.03,
  "early_stop_mode": "checkpoint",
  "perplexity_collapse_patience": 3,
  "perplexity_collapse_ratio": 0.35,
  "no_hierarchical_kmeans_init": false,
  "kmeans_init_samples": 8192,
  "kmeans_batch_size": 1024,
  "kmeans_random_state": 42,
  "codebook_reset_interval": 200,
  "save_every": 1,
  "device": "cpu",
  "num_workers": 0,
  "log_level": "INFO",
  "resume": null,
  "skip_sinkhorn": true,
  "no_tqdm": true,
  "use_tqdm": false
}
Loading dataset...
Dataset: 256 items, 8 batches
Params: 470,474  IDE=ON
  Codebook L1: 16
  Codebook L2: 16
K-means init with 256 samples...
  L1: k-means done (inertia=70.7285)
  L2: k-means done (inertia=35.7579)
Loss: UPR + 0.25*commit + 0.02*PREF + 0.02*POP
============================================================
STARTING TRAINING
============================================================

Epoch 1 Summary:
  Train: Total=1.1867 UPR=1.0724 Commit=0.1129 Pref=4.3038 Pop=0.0013 Gate=[0.493,0.507]
    L1: 10/256 codes, entropy=0.961
    L2: 13/256 codes, entropy=0.986
    codebook: 0.0000
    decoder: 0.4356
    encoder: 0.1571
    ide: 0.0866
  Val: Total=0.9741 UPR=0.8727  qMSE L1=0.0510 L2=0.0273
  New best recon: 0.8727
  [SID-FULL] unique=12.50%  collisions=21  L1_pref=2.34%  L2_pref=12.50%  kNN-L12=0.795  useL1=37.5%  useL2=87.5%
  New best checkpoint: epoch=1 unique=12.50% L2_pref=12.50% proxy=0.3031
Training done. Best recon=0.8727 best_checkpoint_epoch=1
Saved 256 item mappings

Semantic IDs: 256 items, 32 unique (12.50%)
  Collisions: 21 groups, 245 items
  Layer 1: 6 unique prefixes (2.34%)
  Layer 2: 32 unique prefixes (12.50%)
  Codebook 1: 6/16 used (37.5%)
  Codebook 2: 14/16 used (87.5%)
  kNN SID consistency (z_q): L1=0.961 L12=0.795
  kNN SID consistency (z):   L1=0.814 L12=0.434
  Sequence SID consistency (train): L1=0.664 L2=0.345 depth=1.01
  Sequence SID consistency (valid): L1=0.605 L2=0.319 depth=0.92
Features exported: 256 items, h_t=32D, h_c=32D
