Configuration: {
  "data_path": "dataset/Amazon-Beauty/processed/beauty-tiger-sentenceT5base/Beauty",
  "output_dir": "tmp/prism_refine_smoke",
  "max_items": 64,
  "n_layers": 2,
  "n_embed": 256,
  "n_embed_per_layer": [
    16,
    16
  ],
  "latent_dim": 8,
  "content_dim": 768,
  "collab_dim": 64,
  "use_ide": true,
  "ide_dim": 32,
  "use_cma": false,
  "use_reliability_gate": false,
  "use_context_fusion": true,
  "use_context_target": true,
  "lambda_cma": 0.1,
  "cma_temperature": 0.07,
  "cma_warmup_epochs": 20,
  "cma_ramp_epochs": 20,
  "lambda_pref": 0.01,
  "pref_warmup_epochs": 0,
  "pref_ramp_epochs": 0,
  "lambda_pop": 0.0,
  "lambda_self": 0.2,
  "lambda_gate": 0.2,
  "density_k": 20,
  "context_window": 20,
  "context_fallback_k": 10,
  "use_pcgrad": true,
  "epochs": 1,
  "batch_size": 16,
  "learning_rate": 0.001,
  "weight_decay": 0.0,
  "grad_clip": 1.0,
  "grad_log_interval": 50,
  "beta": 0.25,
  "use_ema": false,
  "ema_decay": 0.99,
  "quantize_mode": "rotation",
  "use_scheduler": false,
  "scheduler_type": "warmup_cosine",
  "warmup_ratio": 0.1,
  "early_stop_patience": 30,
  "early_stop_min_delta": 1e-05,
  "early_stop_cooldown": 3,
  "early_stop_warmup_epochs": 5,
  "early_stop_min_epochs": 150,
  "early_stop_metric": null,
  "sid_eval_interval": 10,
  "perplexity_collapse_patience": 3,
  "perplexity_collapse_ratio": 0.35,
  "no_hierarchical_kmeans_init": false,
  "kmeans_init_samples": 8192,
  "kmeans_batch_size": 1024,
  "kmeans_random_state": 42,
  "codebook_reset_interval": 200,
  "save_every": 50,
  "device": "cpu",
  "num_workers": 0,
  "log_level": "INFO",
  "resume": null,
  "skip_sinkhorn": true,
  "no_tqdm": true,
  "use_tqdm": false
}
Loading dataset...
Dataset: 64 items, 4 batches
Params: 487,243  IDE=ON
  Codebook L1: 16
  Codebook L2: 16
Loss: UPR + 0.2*SELF + 0.25*commit + 0.01*CTX + 0.2*GATE
============================================================
STARTING TRAINING
============================================================

Epoch 1 Summary:
  Train: Total=1.1559 UPR=0.8560 Commit=0.4887 Self=0.8653 Ctx=0.4542 GateLoss=0.0005 Target=[0.011,0.017] Gate=[0.061,0.051] Drift=0.0128 CtxMask=0.188
    L1: 8/256 codes, entropy=0.000
    L2: 6/256 codes, entropy=0.000
    codebook: 0.0000
    decoder: 0.9540
    encoder: 0.2013
    ide: 0.1130
  Val: Total=0.9037 UPR=0.6357 Self=0.6580 Ctx=0.2893 GateLoss=0.0009 Target=[0.020,0.033] Gate=[0.060,0.046] Drift=0.0281 CtxMask=0.333  qMSE L1=0.1339 L2=0.1328
  New best objective: 0.9037
  [SID-FULL] unique=4.69%  collisions=3  L1_pref=4.69%  L2_pref=4.69%  kNN-L12=1.000  useL1=18.8%  useL2=6.2%
Training done. Best objective=0.9037
Saved 64 item mappings

Semantic IDs: 64 items, 3 unique (4.69%)
  Collisions: 3 groups, 64 items
  Layer 1: 3 unique prefixes (4.69%)
  Layer 2: 3 unique prefixes (4.69%)
  Codebook 1: 3/16 used (18.8%)
  Codebook 2: 1/16 used (6.2%)
  kNN SID consistency (z_q): L1=1.000 L12=1.000
  kNN SID consistency (z):   L1=0.581 L12=0.581
  Sequence SID consistency (train): L1=0.600 L2=0.600 depth=1.20
  Sequence SID consistency (valid): L1=0.429 L2=0.429 depth=0.86
Features exported: 64 items, h_t=32D, h_c=32D
